<?xml version="1.0" encoding="UTF-8"?>
<robot generator="Robot 4.1.3 (Python 3.10.2 on win32)" generated="20220304 21:48:39.969" rpa="false" schemaversion="2">
<suite id="s1" name="Tests" source="C:\Users\anki_\PycharmProjects\Automatiserad_Test_Labb2_Anki_MT21\Tests">
<suite id="s1-s1" name="Webtest" source="C:\Users\anki_\PycharmProjects\Automatiserad_Test_Labb2_Anki_MT21\Tests\webtest.robot">
<test id="s1-s1-t1" name="User Can Access Website And See Current Date">
<kw name="Begin Web Test" library="keywords" type="SETUP">
<kw name="Open Browser" library="SeleniumLibrary">
<arg>about:blank</arg>
<arg>${BROWSER}</arg>
<doc>Opens a new browser instance to the optional ``url``.</doc>
<msg timestamp="20220304 21:48:40.386" level="INFO">Opening browser 'chrome' to base url 'about:blank'.</msg>
<status status="PASS" starttime="20220304 21:48:40.386" endtime="20220304 21:48:42.163"/>
</kw>
<status status="PASS" starttime="20220304 21:48:40.386" endtime="20220304 21:48:42.164"/>
</kw>
<kw name="Go To Web Page" library="keywords">
<kw name="Maximize Browser Window" library="SeleniumLibrary">
<doc>Maximizes current browser window.</doc>
<status status="PASS" starttime="20220304 21:48:42.166" endtime="20220304 21:48:42.293"/>
</kw>
<kw name="Go To" library="SeleniumLibrary">
<arg>${URL}</arg>
<doc>Navigates the current browser window to the provided ``url``.</doc>
<msg timestamp="20220304 21:48:42.293" level="INFO">Opening url 'http://rental4.infotiv.net/'</msg>
<status status="PASS" starttime="20220304 21:48:42.293" endtime="20220304 21:48:42.651"/>
</kw>
<kw name="Wait Until Page Contains" library="SeleniumLibrary">
<arg>Infotiv Car Rental</arg>
<doc>Waits until ``text`` appears on the current page.</doc>
<status status="PASS" starttime="20220304 21:48:42.652" endtime="20220304 21:48:42.680"/>
</kw>
<status status="PASS" starttime="20220304 21:48:42.165" endtime="20220304 21:48:42.680"/>
</kw>
<kw name="Verify Page Contains" library="keywords">
<kw name="Click Element" library="SeleniumLibrary">
<arg>//*[@id="title"]</arg>
<doc>Click the element identified by ``locator``.</doc>
<msg timestamp="20220304 21:48:42.681" level="INFO">Clicking element '//*[@id="title"]'.</msg>
<status status="PASS" starttime="20220304 21:48:42.681" endtime="20220304 21:48:42.791"/>
</kw>
<kw name="Wait Until Page Contains" library="SeleniumLibrary">
<arg>When do you want to make your trip?</arg>
<doc>Waits until ``text`` appears on the current page.</doc>
<status status="PASS" starttime="20220304 21:48:42.792" endtime="20220304 21:48:42.815"/>
</kw>
<status status="PASS" starttime="20220304 21:48:42.680" endtime="20220304 21:48:42.815"/>
</kw>
<kw name="Check Date On Page" library="keywords">
<kw name="Get Current Date" library="DateTime">
<var>${date}</var>
<arg>result_format=%Y-%m-%d</arg>
<doc>Returns current local or UTC time with an optional increment.</doc>
<msg timestamp="20220304 21:48:42.816" level="INFO">${date} = 2022-03-04</msg>
<status status="PASS" starttime="20220304 21:48:42.816" endtime="20220304 21:48:42.816"/>
</kw>
<kw name="Get Element Attribute" library="SeleniumLibrary">
<var>${attr}</var>
<arg>//*[@id="start"]</arg>
<arg>value</arg>
<doc>Returns the value of ``attribute`` from the element ``locator``.</doc>
<msg timestamp="20220304 21:48:42.861" level="INFO">${attr} = 2022-03-04</msg>
<status status="PASS" starttime="20220304 21:48:42.817" endtime="20220304 21:48:42.862"/>
</kw>
<kw name="Convert Date" library="DateTime">
<var>${infotiv_date}</var>
<arg>${attr}</arg>
<arg>result_format=%Y-%m-%d</arg>
<doc>Converts between supported `date formats`.</doc>
<msg timestamp="20220304 21:48:42.867" level="INFO">${infotiv_date} = 2022-03-04</msg>
<status status="PASS" starttime="20220304 21:48:42.862" endtime="20220304 21:48:42.868"/>
</kw>
<kw name="Should Be Equal" library="BuiltIn">
<arg>${date}</arg>
<arg>${infotiv_date}</arg>
<doc>Fails if the given objects are unequal.</doc>
<status status="PASS" starttime="20220304 21:48:42.868" endtime="20220304 21:48:42.869"/>
</kw>
<status status="PASS" starttime="20220304 21:48:42.816" endtime="20220304 21:48:42.869"/>
</kw>
<kw name="End Web Test" library="keywords" type="TEARDOWN">
<kw name="Close Browser" library="SeleniumLibrary">
<doc>Closes the current browser.</doc>
<status status="PASS" starttime="20220304 21:48:42.871" endtime="20220304 21:48:45.136"/>
</kw>
<status status="PASS" starttime="20220304 21:48:42.870" endtime="20220304 21:48:45.136"/>
</kw>
<doc>Once accessing the website; being able to see the selection of dates</doc>
<tag>Time</tag>
<status status="PASS" starttime="20220304 21:48:40.385" endtime="20220304 21:48:45.137"/>
</test>
<test id="s1-s1-t2" name="User Can Get To Car Selection Page">
<kw name="Begin Web Test" library="keywords" type="SETUP">
<kw name="Open Browser" library="SeleniumLibrary">
<arg>about:blank</arg>
<arg>${BROWSER}</arg>
<doc>Opens a new browser instance to the optional ``url``.</doc>
<msg timestamp="20220304 21:48:45.144" level="INFO">Opening browser 'chrome' to base url 'about:blank'.</msg>
<status status="PASS" starttime="20220304 21:48:45.144" endtime="20220304 21:48:46.616"/>
</kw>
<status status="PASS" starttime="20220304 21:48:45.143" endtime="20220304 21:48:46.617"/>
</kw>
<kw name="Go To Web Page" library="keywords">
<kw name="Maximize Browser Window" library="SeleniumLibrary">
<doc>Maximizes current browser window.</doc>
<status status="PASS" starttime="20220304 21:48:46.618" endtime="20220304 21:48:46.749"/>
</kw>
<kw name="Go To" library="SeleniumLibrary">
<arg>${URL}</arg>
<doc>Navigates the current browser window to the provided ``url``.</doc>
<msg timestamp="20220304 21:48:46.750" level="INFO">Opening url 'http://rental4.infotiv.net/'</msg>
<status status="PASS" starttime="20220304 21:48:46.749" endtime="20220304 21:48:47.157"/>
</kw>
<kw name="Wait Until Page Contains" library="SeleniumLibrary">
<arg>Infotiv Car Rental</arg>
<doc>Waits until ``text`` appears on the current page.</doc>
<status status="PASS" starttime="20220304 21:48:47.158" endtime="20220304 21:48:47.176"/>
</kw>
<status status="PASS" starttime="20220304 21:48:46.617" endtime="20220304 21:48:47.176"/>
</kw>
<kw name="Verify Page Contains" library="keywords">
<kw name="Click Element" library="SeleniumLibrary">
<arg>//*[@id="title"]</arg>
<doc>Click the element identified by ``locator``.</doc>
<msg timestamp="20220304 21:48:47.178" level="INFO">Clicking element '//*[@id="title"]'.</msg>
<status status="PASS" starttime="20220304 21:48:47.178" endtime="20220304 21:48:47.264"/>
</kw>
<kw name="Wait Until Page Contains" library="SeleniumLibrary">
<arg>When do you want to make your trip?</arg>
<doc>Waits until ``text`` appears on the current page.</doc>
<status status="PASS" starttime="20220304 21:48:47.265" endtime="20220304 21:48:47.281"/>
</kw>
<status status="PASS" starttime="20220304 21:48:47.177" endtime="20220304 21:48:47.281"/>
</kw>
<kw name="Go To Car List" library="keywords">
<kw name="Click Element" library="SeleniumLibrary">
<arg>//*[@id="continue"]</arg>
<doc>Click the element identified by ``locator``.</doc>
<msg timestamp="20220304 21:48:47.283" level="INFO">Clicking element '//*[@id="continue"]'.</msg>
<status status="PASS" starttime="20220304 21:48:47.283" endtime="20220304 21:48:47.477"/>
</kw>
<kw name="Wait Until Page Contains" library="SeleniumLibrary">
<arg>What would you like to drive?</arg>
<doc>Waits until ``text`` appears on the current page.</doc>
<status status="PASS" starttime="20220304 21:48:47.477" endtime="20220304 21:48:47.493"/>
</kw>
<status status="PASS" starttime="20220304 21:48:47.282" endtime="20220304 21:48:47.493"/>
</kw>
<kw name="End Web Test" library="keywords" type="TEARDOWN">
<kw name="Close Browser" library="SeleniumLibrary">
<doc>Closes the current browser.</doc>
<status status="PASS" starttime="20220304 21:48:47.494" endtime="20220304 21:48:49.715"/>
</kw>
<status status="PASS" starttime="20220304 21:48:47.494" endtime="20220304 21:48:49.716"/>
</kw>
<doc>Once accessing the website; getting to the car selection list</doc>
<tag>Car</tag>
<status status="PASS" starttime="20220304 21:48:45.143" endtime="20220304 21:48:49.738"/>
</test>
<test id="s1-s1-t3" name="User Can Get To Choose A Car Make In Car List">
<kw name="Begin Web Test" library="keywords" type="SETUP">
<kw name="Open Browser" library="SeleniumLibrary">
<arg>about:blank</arg>
<arg>${BROWSER}</arg>
<doc>Opens a new browser instance to the optional ``url``.</doc>
<msg timestamp="20220304 21:48:49.748" level="INFO">Opening browser 'chrome' to base url 'about:blank'.</msg>
<status status="PASS" starttime="20220304 21:48:49.748" endtime="20220304 21:48:50.925"/>
</kw>
<status status="PASS" starttime="20220304 21:48:49.747" endtime="20220304 21:48:50.925"/>
</kw>
<kw name="Go To Web Page" library="keywords">
<kw name="Maximize Browser Window" library="SeleniumLibrary">
<doc>Maximizes current browser window.</doc>
<status status="PASS" starttime="20220304 21:48:50.927" endtime="20220304 21:48:51.049"/>
</kw>
<kw name="Go To" library="SeleniumLibrary">
<arg>${URL}</arg>
<doc>Navigates the current browser window to the provided ``url``.</doc>
<msg timestamp="20220304 21:48:51.050" level="INFO">Opening url 'http://rental4.infotiv.net/'</msg>
<status status="PASS" starttime="20220304 21:48:51.050" endtime="20220304 21:48:51.292"/>
</kw>
<kw name="Wait Until Page Contains" library="SeleniumLibrary">
<arg>Infotiv Car Rental</arg>
<doc>Waits until ``text`` appears on the current page.</doc>
<status status="PASS" starttime="20220304 21:48:51.292" endtime="20220304 21:48:51.311"/>
</kw>
<status status="PASS" starttime="20220304 21:48:50.926" endtime="20220304 21:48:51.312"/>
</kw>
<kw name="Verify Page Contains" library="keywords">
<kw name="Click Element" library="SeleniumLibrary">
<arg>//*[@id="title"]</arg>
<doc>Click the element identified by ``locator``.</doc>
<msg timestamp="20220304 21:48:51.313" level="INFO">Clicking element '//*[@id="title"]'.</msg>
<status status="PASS" starttime="20220304 21:48:51.312" endtime="20220304 21:48:51.402"/>
</kw>
<kw name="Wait Until Page Contains" library="SeleniumLibrary">
<arg>When do you want to make your trip?</arg>
<doc>Waits until ``text`` appears on the current page.</doc>
<status status="PASS" starttime="20220304 21:48:51.403" endtime="20220304 21:48:51.428"/>
</kw>
<status status="PASS" starttime="20220304 21:48:51.312" endtime="20220304 21:48:51.428"/>
</kw>
<kw name="Go To Car List" library="keywords">
<kw name="Click Element" library="SeleniumLibrary">
<arg>//*[@id="continue"]</arg>
<doc>Click the element identified by ``locator``.</doc>
<msg timestamp="20220304 21:48:51.429" level="INFO">Clicking element '//*[@id="continue"]'.</msg>
<status status="PASS" starttime="20220304 21:48:51.429" endtime="20220304 21:48:51.650"/>
</kw>
<kw name="Wait Until Page Contains" library="SeleniumLibrary">
<arg>What would you like to drive?</arg>
<doc>Waits until ``text`` appears on the current page.</doc>
<status status="PASS" starttime="20220304 21:48:51.650" endtime="20220304 21:48:51.665"/>
</kw>
<status status="PASS" starttime="20220304 21:48:51.429" endtime="20220304 21:48:51.665"/>
</kw>
<kw name="Selecting Car Brand In List" library="keywords">
<kw name="Click Element" library="SeleniumLibrary">
<arg>//*[@id="ms-list-1"]/button</arg>
<doc>Click the element identified by ``locator``.</doc>
<msg timestamp="20220304 21:48:51.666" level="INFO">Clicking element '//*[@id="ms-list-1"]/button'.</msg>
<status status="PASS" starttime="20220304 21:48:51.665" endtime="20220304 21:48:51.707"/>
</kw>
<kw name="Click Element" library="SeleniumLibrary">
<arg>//*[@id="ms-list-1"]/div/ul/li[3]/label</arg>
<doc>Click the element identified by ``locator``.</doc>
<msg timestamp="20220304 21:48:51.707" level="INFO">Clicking element '//*[@id="ms-list-1"]/div/ul/li[3]/label'.</msg>
<status status="PASS" starttime="20220304 21:48:51.707" endtime="20220304 21:48:51.766"/>
</kw>
<kw name="Wait Until Page Contains" library="SeleniumLibrary">
<arg>Roadster</arg>
<doc>Waits until ``text`` appears on the current page.</doc>
<status status="PASS" starttime="20220304 21:48:51.767" endtime="20220304 21:48:51.786"/>
</kw>
<status status="PASS" starttime="20220304 21:48:51.665" endtime="20220304 21:48:51.786"/>
</kw>
<kw name="End Web Test" library="keywords" type="TEARDOWN">
<kw name="Close Browser" library="SeleniumLibrary">
<doc>Closes the current browser.</doc>
<status status="PASS" starttime="20220304 21:48:51.788" endtime="20220304 21:48:54.025"/>
</kw>
<status status="PASS" starttime="20220304 21:48:51.787" endtime="20220304 21:48:54.025"/>
</kw>
<doc>Once accessing the website; getting to choose what brand of cars</doc>
<tag>Car</tag>
<status status="PASS" starttime="20220304 21:48:49.744" endtime="20220304 21:48:54.027"/>
</test>
<doc>Testing the browser "INFOTIV CAR RENTAL" and it's services focused on Date
and being able to see the car selection list.</doc>
<status status="PASS" starttime="20220304 21:48:39.999" endtime="20220304 21:48:54.032"/>
</suite>
<status status="PASS" starttime="20220304 21:48:39.970" endtime="20220304 21:48:54.043"/>
</suite>
<statistics>
<total>
<stat pass="3" fail="0" skip="0">All Tests</stat>
</total>
<tag>
<stat pass="2" fail="0" skip="0">Car</stat>
<stat pass="1" fail="0" skip="0">Time</stat>
</tag>
<suite>
<stat pass="3" fail="0" skip="0" id="s1" name="Tests">Tests</stat>
<stat pass="3" fail="0" skip="0" id="s1-s1" name="Webtest">Tests.Webtest</stat>
</suite>
</statistics>
<errors>
</errors>
</robot>
